2026-03-13T01:32:29+00:00 DEBUG Tt4b_Pixel_Class::inject_view_content_event: hit ViewContent
2026-03-13T01:32:29+00:00 DEBUG Tt4b_Pixel_Class::inject_view_content_event: Missing option "access_token"
2026-03-13T01:32:38+00:00 DEBUG Tt4b_Pixel_Class::inject_add_to_cart_event: hit AddToCart
2026-03-13T01:32:38+00:00 DEBUG Tt4b_Pixel_Class::inject_add_to_cart_event: Missing option "access_token"
2026-03-13T01:32:39+00:00 DEBUG Tt4b_Pixel_Class::inject_view_content_event: hit ViewContent
2026-03-13T01:32:39+00:00 DEBUG Tt4b_Pixel_Class::inject_view_content_event: Missing option "access_token"
2026-03-13T01:32:48+00:00 DEBUG Tt4b_Pixel_Class::inject_add_to_cart_event: hit AddToCart
2026-03-13T01:32:48+00:00 DEBUG Tt4b_Pixel_Class::inject_add_to_cart_event: Missing option "access_token"
2026-03-13T01:32:49+00:00 DEBUG Tt4b_Pixel_Class::inject_view_content_event: hit ViewContent
2026-03-13T01:32:49+00:00 DEBUG Tt4b_Pixel_Class::inject_view_content_event: Missing option "access_token"
2026-03-13T01:33:09+00:00 DEBUG Tt4b_Pixel_Class::inject_add_to_cart_event: hit AddToCart
2026-03-13T01:33:09+00:00 DEBUG Tt4b_Pixel_Class::inject_add_to_cart_event: Missing option "access_token"
2026-03-13T01:33:09+00:00 DEBUG Tt4b_Pixel_Class::inject_view_content_event: hit ViewContent
2026-03-13T01:33:09+00:00 DEBUG Tt4b_Pixel_Class::inject_view_content_event: Missing option "access_token"
2026-03-13T01:33:26+00:00 DEBUG Tt4b_Pixel_Class::inject_initiate_checkout_event: hit InitiateCheckout
2026-03-13T01:33:26+00:00 DEBUG Tt4b_Pixel_Class::inject_initiate_checkout_event: Missing option "access_token"
2026-03-13T01:34:12+00:00 DEBUG Tt4b_Pixel_Class::inject_purchase_event: hit Purchase
2026-03-13T01:34:12+00:00 DEBUG Tt4b_Pixel_Class::inject_purchase_event: Missing option "access_token"
2026-03-13T01:35:03+00:00 DEBUG Tt4b_Pixel_Class::inject_add_to_cart_event: hit AddToCart
2026-03-13T01:35:03+00:00 DEBUG Tt4b_Pixel_Class::inject_add_to_cart_event: Missing option "access_token"
2026-03-13T01:35:17+00:00 DEBUG Tt4b_Pixel_Class::inject_initiate_checkout_event: hit InitiateCheckout
2026-03-13T01:35:17+00:00 DEBUG Tt4b_Pixel_Class::inject_initiate_checkout_event: Missing option "access_token"
2026-03-13T01:35:22+00:00 DEBUG Tt4b_Pixel_Class::inject_initiate_checkout_event: hit InitiateCheckout
2026-03-13T01:35:22+00:00 DEBUG Tt4b_Pixel_Class::inject_initiate_checkout_event: Missing option "access_token"
2026-03-13T01:36:53+00:00 DEBUG Tt4b_Pixel_Class::inject_purchase_event: hit Purchase
2026-03-13T01:36:53+00:00 DEBUG Tt4b_Pixel_Class::inject_purchase_event: Missing option "access_token"
